2025-12-14 22:31:19 INFO  c.l.k.p.p.ProdReadyFeaturesApplicationTests - Starting ProdReadyFeaturesApplicationTests using Java 25.0.1 with PID 29908 (started by snsar in C:\Users\snsar\Downloads\prod-ready-features\prod-ready-features)
2025-12-14 22:31:19 INFO  c.l.k.p.p.ProdReadyFeaturesApplicationTests - No active profile set, falling back to 1 default profile: "default"
2025-12-14 22:31:20 INFO  o.s.d.r.c.RepositoryConfigurationDelegate - Bootstrapping Spring Data JPA repositories in DEFAULT mode.
2025-12-14 22:31:20 INFO  o.s.d.r.c.RepositoryConfigurationDelegate - Finished Spring Data repository scanning in 33 ms. Found 1 JPA repository interface.
2025-12-14 22:31:21 INFO  o.s.o.j.p.SpringPersistenceUnitInfo - No LoadTimeWeaver setup: ignoring JPA class transformer
2025-12-14 22:31:21 INFO  com.zaxxer.hikari.HikariDataSource - HikariPool-1 - Starting...
2025-12-14 22:31:21 INFO  com.zaxxer.hikari.pool.HikariPool - HikariPool-1 - Added connection com.mysql.cj.jdbc.ConnectionImpl@2e38d44e
2025-12-14 22:31:21 INFO  com.zaxxer.hikari.HikariDataSource - HikariPool-1 - Start completed.
2025-12-14 22:31:22 INFO  o.s.o.j.LocalContainerEntityManagerFactoryBean - Initialized JPA EntityManagerFactory for persistence unit 'default'
2025-12-14 22:31:22 INFO  o.s.d.j.r.q.QueryEnhancerFactories - Hibernate is in classpath; If applicable, HQL parser will be used.
2025-12-14 22:31:22 WARN  o.s.b.j.a.JpaBaseConfiguration$JpaWebConfiguration - spring.jpa.open-in-view is enabled by default. Therefore, database queries may be performed during view rendering. Explicitly configure spring.jpa.open-in-view to disable this warning
2025-12-14 22:31:23 INFO  c.l.k.p.p.ProdReadyFeaturesApplicationTests - Started ProdReadyFeaturesApplicationTests in 3.667 seconds (process running for 4.458)
2025-12-14 22:31:23 TRACE c.l.k.p.p.c.impl.EmployeeClientImpl - Trying to retrieve all employees with information employeedto(id=null, name=Anuj, email=karan888@gmail.com, age=2, role=USER, salary=5000.0, dateofjoining=2025-05-01, active=true)
2025-12-14 22:31:23 DEBUG c.l.k.p.p.c.impl.EmployeeClientImpl - 4xxClient error occured during createNewEmployee
2025-12-14 22:31:23 ERROR c.l.k.p.p.c.impl.EmployeeClientImpl - {"data":null,"error":{"status":"BAD_REQUEST","message":"Input validation failed","subErrors":["thats a motherfucking minor"]},"timestamp":"2025-12-14T22:31:23.4364466"}
2025-12-14 22:31:23 ERROR c.l.k.p.p.c.impl.EmployeeClientImpl - Exception occured in createNewEmployee
com.learn.karan.prod_ready_features.prod_ready_features.exceptions.ResourceNotFoundException: couldn't create the employee
	at com.learn.karan.prod_ready_features.prod_ready_features.clients.impl.EmployeeClientImpl.lambda$createNewEmployee$0(EmployeeClientImpl.java:85)
	at org.springframework.web.client.StatusHandler.handle(StatusHandler.java:75)
	at org.springframework.web.client.DefaultRestClient$DefaultResponseSpec.applyStatusHandlers(DefaultRestClient.java:915)
	at org.springframework.web.client.DefaultRestClient$DefaultResponseSpec.lambda$readBody$0(DefaultRestClient.java:904)
	at org.springframework.web.client.DefaultRestClient.readWithMessageConverters(DefaultRestClient.java:223)
	at org.springframework.web.client.DefaultRestClient$DefaultResponseSpec.readBody(DefaultRestClient.java:903)
	at org.springframework.web.client.DefaultRestClient$DefaultResponseSpec.lambda$body$1(DefaultRestClient.java:826)
	at org.springframework.web.client.DefaultRestClient$DefaultRequestBodyUriSpec.exchangeInternal(DefaultRestClient.java:612)
	at org.springframework.web.client.DefaultRestClient$DefaultRequestBodyUriSpec.exchange(DefaultRestClient.java:567)
	at org.springframework.web.client.RestClient$RequestHeadersSpec.exchange(RestClient.java:750)
	at org.springframework.web.client.DefaultRestClient$DefaultResponseSpec.executeAndExtract(DefaultRestClient.java:896)
	at org.springframework.web.client.DefaultRestClient$DefaultResponseSpec.body(DefaultRestClient.java:826)
	at com.learn.karan.prod_ready_features.prod_ready_features.clients.impl.EmployeeClientImpl.createNewEmployee(EmployeeClientImpl.java:87)
	at com.learn.karan.prod_ready_features.prod_ready_features.ProdReadyFeaturesApplicationTests.createnewEmployeeTest(ProdReadyFeaturesApplicationTests.java:39)
	at java.base/jdk.internal.reflect.DirectMethodHandleAccessor.invoke(DirectMethodHandleAccessor.java:104)
	at java.base/java.lang.reflect.Method.invoke(Method.java:565)
	at org.junit.platform.commons.util.ReflectionUtils.invokeMethod(ReflectionUtils.java:701)
	at org.junit.platform.commons.support.ReflectionSupport.invokeMethod(ReflectionSupport.java:502)
	at org.junit.jupiter.engine.support.MethodReflectionUtils.invoke(MethodReflectionUtils.java:45)
	at org.junit.jupiter.engine.execution.MethodInvocation.proceed(MethodInvocation.java:61)
	at org.junit.jupiter.engine.execution.InvocationInterceptorChain$ValidatingInvocation.proceed(InvocationInterceptorChain.java:124)
	at org.junit.jupiter.engine.extension.TimeoutExtension.intercept(TimeoutExtension.java:163)
	at org.junit.jupiter.engine.extension.TimeoutExtension.interceptTestableMethod(TimeoutExtension.java:148)
	at org.junit.jupiter.engine.extension.TimeoutExtension.interceptTestMethod(TimeoutExtension.java:86)
	at org.junit.jupiter.engine.execution.InterceptingExecutableInvoker$ReflectiveInterceptorCall.lambda$ofVoidMethod$0(InterceptingExecutableInvoker.java:123)
	at org.junit.jupiter.engine.execution.InterceptingExecutableInvoker.lambda$invoke$0(InterceptingExecutableInvoker.java:105)
	at org.junit.jupiter.engine.execution.InvocationInterceptorChain$InterceptedInvocation.proceed(InvocationInterceptorChain.java:99)
	at org.junit.jupiter.engine.execution.InvocationInterceptorChain.proceed(InvocationInterceptorChain.java:66)
	at org.junit.jupiter.engine.execution.InvocationInterceptorChain.chainAndInvoke(InvocationInterceptorChain.java:47)
	at org.junit.jupiter.engine.execution.InvocationInterceptorChain.invoke(InvocationInterceptorChain.java:39)
	at org.junit.jupiter.engine.execution.InterceptingExecutableInvoker.invoke(InterceptingExecutableInvoker.java:104)
	at org.junit.jupiter.engine.execution.InterceptingExecutableInvoker.invoke(InterceptingExecutableInvoker.java:98)
	at org.junit.jupiter.engine.execution.InterceptingExecutableInvoker.invokeVoid(InterceptingExecutableInvoker.java:71)
	at org.junit.jupiter.engine.descriptor.TestMethodTestDescriptor.lambda$invokeTestMethod$0(TestMethodTestDescriptor.java:219)
	at org.junit.platform.engine.support.hierarchical.ThrowableCollector.execute(ThrowableCollector.java:74)
	at org.junit.jupiter.engine.descriptor.TestMethodTestDescriptor.invokeTestMethod(TestMethodTestDescriptor.java:215)
	at org.junit.jupiter.engine.descriptor.TestMethodTestDescriptor.execute(TestMethodTestDescriptor.java:157)
	at org.junit.jupiter.engine.descriptor.TestMethodTestDescriptor.execute(TestMethodTestDescriptor.java:70)
	at org.junit.platform.engine.support.hierarchical.NodeTestTask.lambda$executeRecursively$2(NodeTestTask.java:176)
	at org.junit.platform.engine.support.hierarchical.ThrowableCollector.execute(ThrowableCollector.java:74)
	at org.junit.platform.engine.support.hierarchical.NodeTestTask.lambda$executeRecursively$1(NodeTestTask.java:166)
	at org.junit.platform.engine.support.hierarchical.Node.around(Node.java:138)
	at org.junit.platform.engine.support.hierarchical.NodeTestTask.lambda$executeRecursively$0(NodeTestTask.java:164)
	at org.junit.platform.engine.support.hierarchical.ThrowableCollector.execute(ThrowableCollector.java:74)
	at org.junit.platform.engine.support.hierarchical.NodeTestTask.executeRecursively(NodeTestTask.java:163)
	at org.junit.platform.engine.support.hierarchical.NodeTestTask.execute(NodeTestTask.java:116)
	at java.base/java.util.ArrayList.forEach(ArrayList.java:1604)
	at org.junit.platform.engine.support.hierarchical.SameThreadHierarchicalTestExecutorService.invokeAll(SameThreadHierarchicalTestExecutorService.java:42)
	at org.junit.platform.engine.support.hierarchical.NodeTestTask.lambda$executeRecursively$2(NodeTestTask.java:180)
	at org.junit.platform.engine.support.hierarchical.ThrowableCollector.execute(ThrowableCollector.java:74)
	at org.junit.platform.engine.support.hierarchical.NodeTestTask.lambda$executeRecursively$1(NodeTestTask.java:166)
	at org.junit.platform.engine.support.hierarchical.Node.around(Node.java:138)
	at org.junit.platform.engine.support.hierarchical.NodeTestTask.lambda$executeRecursively$0(NodeTestTask.java:164)
	at org.junit.platform.engine.support.hierarchical.ThrowableCollector.execute(ThrowableCollector.java:74)
	at org.junit.platform.engine.support.hierarchical.NodeTestTask.executeRecursively(NodeTestTask.java:163)
	at org.junit.platform.engine.support.hierarchical.NodeTestTask.execute(NodeTestTask.java:116)
	at java.base/java.util.ArrayList.forEach(ArrayList.java:1604)
	at org.junit.platform.engine.support.hierarchical.SameThreadHierarchicalTestExecutorService.invokeAll(SameThreadHierarchicalTestExecutorService.java:42)
	at org.junit.platform.engine.support.hierarchical.NodeTestTask.lambda$executeRecursively$2(NodeTestTask.java:180)
	at org.junit.platform.engine.support.hierarchical.ThrowableCollector.execute(ThrowableCollector.java:74)
	at org.junit.platform.engine.support.hierarchical.NodeTestTask.lambda$executeRecursively$1(NodeTestTask.java:166)
	at org.junit.platform.engine.support.hierarchical.Node.around(Node.java:138)
	at org.junit.platform.engine.support.hierarchical.NodeTestTask.lambda$executeRecursively$0(NodeTestTask.java:164)
	at org.junit.platform.engine.support.hierarchical.ThrowableCollector.execute(ThrowableCollector.java:74)
	at org.junit.platform.engine.support.hierarchical.NodeTestTask.executeRecursively(NodeTestTask.java:163)
	at org.junit.platform.engine.support.hierarchical.NodeTestTask.execute(NodeTestTask.java:116)
	at org.junit.platform.engine.support.hierarchical.SameThreadHierarchicalTestExecutorService.submit(SameThreadHierarchicalTestExecutorService.java:36)
	at org.junit.platform.engine.support.hierarchical.HierarchicalTestExecutor.execute(HierarchicalTestExecutor.java:52)
	at org.junit.platform.engine.support.hierarchical.HierarchicalTestEngine.execute(HierarchicalTestEngine.java:58)
	at org.junit.platform.launcher.core.EngineExecutionOrchestrator.executeEngine(EngineExecutionOrchestrator.java:246)
	at org.junit.platform.launcher.core.EngineExecutionOrchestrator.failOrExecuteEngine(EngineExecutionOrchestrator.java:218)
	at org.junit.platform.launcher.core.EngineExecutionOrchestrator.execute(EngineExecutionOrchestrator.java:179)
	at org.junit.platform.launcher.core.EngineExecutionOrchestrator.execute(EngineExecutionOrchestrator.java:108)
	at org.junit.platform.launcher.core.EngineExecutionOrchestrator.lambda$execute$0(EngineExecutionOrchestrator.java:66)
	at org.junit.platform.launcher.core.EngineExecutionOrchestrator.withInterceptedStreams(EngineExecutionOrchestrator.java:157)
	at org.junit.platform.launcher.core.EngineExecutionOrchestrator.execute(EngineExecutionOrchestrator.java:65)
	at org.junit.platform.launcher.core.DefaultLauncher.execute(DefaultLauncher.java:125)
	at org.junit.platform.launcher.core.DefaultLauncher.execute(DefaultLauncher.java:114)
	at org.junit.platform.launcher.core.DefaultLauncher.execute(DefaultLauncher.java:93)
	at org.junit.platform.launcher.core.DelegatingLauncher.execute(DelegatingLauncher.java:48)
	at org.junit.platform.launcher.core.InterceptingLauncher.lambda$execute$0(InterceptingLauncher.java:41)
	at org.junit.platform.launcher.core.ClasspathAlignmentCheckingLauncherInterceptor.intercept(ClasspathAlignmentCheckingLauncherInterceptor.java:25)
	at org.junit.platform.launcher.core.InterceptingLauncher.execute(InterceptingLauncher.java:40)
	at org.junit.platform.launcher.core.DelegatingLauncher.execute(DelegatingLauncher.java:48)
	at org.junit.platform.launcher.core.SessionPerRequestLauncher.execute(SessionPerRequestLauncher.java:67)
	at com.intellij.junit6.JUnit6IdeaTestRunner.startRunnerWithArgs(JUnit6IdeaTestRunner.java:67)
	at com.intellij.rt.junit.IdeaTestRunner$Repeater$1.execute(IdeaTestRunner.java:38)
	at com.intellij.rt.execution.junit.TestsRepeater.repeat(TestsRepeater.java:11)
	at com.intellij.rt.junit.IdeaTestRunner$Repeater.startRunnerWithArgs(IdeaTestRunner.java:35)
	at com.intellij.rt.junit.JUnitStarter.prepareStreamsAndStart(JUnitStarter.java:237)
	at com.intellij.rt.junit.JUnitStarter.main(JUnitStarter.java:58)
2025-12-14 22:31:23 TRACE c.l.k.p.p.c.impl.EmployeeClientImpl - Trying to get  employees by id in getEmployeeId:100
2025-12-14 22:31:23 ERROR c.l.k.p.p.c.impl.EmployeeClientImpl - {"data":null,"error":{"status":"NOT_FOUND","message":"employee not found with id:+100","subErrors":null},"timestamp":"2025-12-14T22:31:23.4705704"}
2025-12-14 22:31:23 ERROR c.l.k.p.p.c.impl.EmployeeClientImpl - Exception occured in getEmployeeId
com.learn.karan.prod_ready_features.prod_ready_features.exceptions.ResourceNotFoundException: couldn't create the employee
	at com.learn.karan.prod_ready_features.prod_ready_features.clients.impl.EmployeeClientImpl.lambda$getEmployeeId$0(EmployeeClientImpl.java:60)
	at org.springframework.web.client.StatusHandler.handle(StatusHandler.java:75)
	at org.springframework.web.client.DefaultRestClient$DefaultResponseSpec.applyStatusHandlers(DefaultRestClient.java:915)
	at org.springframework.web.client.DefaultRestClient$DefaultResponseSpec.lambda$readBody$0(DefaultRestClient.java:904)
	at org.springframework.web.client.DefaultRestClient.readWithMessageConverters(DefaultRestClient.java:223)
	at org.springframework.web.client.DefaultRestClient$DefaultResponseSpec.readBody(DefaultRestClient.java:903)
	at org.springframework.web.client.DefaultRestClient$DefaultResponseSpec.lambda$body$1(DefaultRestClient.java:826)
	at org.springframework.web.client.DefaultRestClient$DefaultRequestBodyUriSpec.exchangeInternal(DefaultRestClient.java:612)
	at org.springframework.web.client.DefaultRestClient$DefaultRequestBodyUriSpec.exchange(DefaultRestClient.java:567)
	at org.springframework.web.client.RestClient$RequestHeadersSpec.exchange(RestClient.java:750)
	at org.springframework.web.client.DefaultRestClient$DefaultResponseSpec.executeAndExtract(DefaultRestClient.java:896)
	at org.springframework.web.client.DefaultRestClient$DefaultResponseSpec.body(DefaultRestClient.java:826)
	at com.learn.karan.prod_ready_features.prod_ready_features.clients.impl.EmployeeClientImpl.getEmployeeId(EmployeeClientImpl.java:62)
	at com.learn.karan.prod_ready_features.prod_ready_features.ProdReadyFeaturesApplicationTests.getEmployeeByIdTest(ProdReadyFeaturesApplicationTests.java:31)
	at java.base/jdk.internal.reflect.DirectMethodHandleAccessor.invoke(DirectMethodHandleAccessor.java:104)
	at java.base/java.lang.reflect.Method.invoke(Method.java:565)
	at org.junit.platform.commons.util.ReflectionUtils.invokeMethod(ReflectionUtils.java:701)
	at org.junit.platform.commons.support.ReflectionSupport.invokeMethod(ReflectionSupport.java:502)
	at org.junit.jupiter.engine.support.MethodReflectionUtils.invoke(MethodReflectionUtils.java:45)
	at org.junit.jupiter.engine.execution.MethodInvocation.proceed(MethodInvocation.java:61)
	at org.junit.jupiter.engine.execution.InvocationInterceptorChain$ValidatingInvocation.proceed(InvocationInterceptorChain.java:124)
	at org.junit.jupiter.engine.extension.TimeoutExtension.intercept(TimeoutExtension.java:163)
	at org.junit.jupiter.engine.extension.TimeoutExtension.interceptTestableMethod(TimeoutExtension.java:148)
	at org.junit.jupiter.engine.extension.TimeoutExtension.interceptTestMethod(TimeoutExtension.java:86)
	at org.junit.jupiter.engine.execution.InterceptingExecutableInvoker$ReflectiveInterceptorCall.lambda$ofVoidMethod$0(InterceptingExecutableInvoker.java:123)
	at org.junit.jupiter.engine.execution.InterceptingExecutableInvoker.lambda$invoke$0(InterceptingExecutableInvoker.java:105)
	at org.junit.jupiter.engine.execution.InvocationInterceptorChain$InterceptedInvocation.proceed(InvocationInterceptorChain.java:99)
	at org.junit.jupiter.engine.execution.InvocationInterceptorChain.proceed(InvocationInterceptorChain.java:66)
	at org.junit.jupiter.engine.execution.InvocationInterceptorChain.chainAndInvoke(InvocationInterceptorChain.java:47)
	at org.junit.jupiter.engine.execution.InvocationInterceptorChain.invoke(InvocationInterceptorChain.java:39)
	at org.junit.jupiter.engine.execution.InterceptingExecutableInvoker.invoke(InterceptingExecutableInvoker.java:104)
	at org.junit.jupiter.engine.execution.InterceptingExecutableInvoker.invoke(InterceptingExecutableInvoker.java:98)
	at org.junit.jupiter.engine.execution.InterceptingExecutableInvoker.invokeVoid(InterceptingExecutableInvoker.java:71)
	at org.junit.jupiter.engine.descriptor.TestMethodTestDescriptor.lambda$invokeTestMethod$0(TestMethodTestDescriptor.java:219)
	at org.junit.platform.engine.support.hierarchical.ThrowableCollector.execute(ThrowableCollector.java:74)
	at org.junit.jupiter.engine.descriptor.TestMethodTestDescriptor.invokeTestMethod(TestMethodTestDescriptor.java:215)
	at org.junit.jupiter.engine.descriptor.TestMethodTestDescriptor.execute(TestMethodTestDescriptor.java:157)
	at org.junit.jupiter.engine.descriptor.TestMethodTestDescriptor.execute(TestMethodTestDescriptor.java:70)
	at org.junit.platform.engine.support.hierarchical.NodeTestTask.lambda$executeRecursively$2(NodeTestTask.java:176)
	at org.junit.platform.engine.support.hierarchical.ThrowableCollector.execute(ThrowableCollector.java:74)
	at org.junit.platform.engine.support.hierarchical.NodeTestTask.lambda$executeRecursively$1(NodeTestTask.java:166)
	at org.junit.platform.engine.support.hierarchical.Node.around(Node.java:138)
	at org.junit.platform.engine.support.hierarchical.NodeTestTask.lambda$executeRecursively$0(NodeTestTask.java:164)
	at org.junit.platform.engine.support.hierarchical.ThrowableCollector.execute(ThrowableCollector.java:74)
	at org.junit.platform.engine.support.hierarchical.NodeTestTask.executeRecursively(NodeTestTask.java:163)
	at org.junit.platform.engine.support.hierarchical.NodeTestTask.execute(NodeTestTask.java:116)
	at java.base/java.util.ArrayList.forEach(ArrayList.java:1604)
	at org.junit.platform.engine.support.hierarchical.SameThreadHierarchicalTestExecutorService.invokeAll(SameThreadHierarchicalTestExecutorService.java:42)
	at org.junit.platform.engine.support.hierarchical.NodeTestTask.lambda$executeRecursively$2(NodeTestTask.java:180)
	at org.junit.platform.engine.support.hierarchical.ThrowableCollector.execute(ThrowableCollector.java:74)
	at org.junit.platform.engine.support.hierarchical.NodeTestTask.lambda$executeRecursively$1(NodeTestTask.java:166)
	at org.junit.platform.engine.support.hierarchical.Node.around(Node.java:138)
	at org.junit.platform.engine.support.hierarchical.NodeTestTask.lambda$executeRecursively$0(NodeTestTask.java:164)
	at org.junit.platform.engine.support.hierarchical.ThrowableCollector.execute(ThrowableCollector.java:74)
	at org.junit.platform.engine.support.hierarchical.NodeTestTask.executeRecursively(NodeTestTask.java:163)
	at org.junit.platform.engine.support.hierarchical.NodeTestTask.execute(NodeTestTask.java:116)
	at java.base/java.util.ArrayList.forEach(ArrayList.java:1604)
	at org.junit.platform.engine.support.hierarchical.SameThreadHierarchicalTestExecutorService.invokeAll(SameThreadHierarchicalTestExecutorService.java:42)
	at org.junit.platform.engine.support.hierarchical.NodeTestTask.lambda$executeRecursively$2(NodeTestTask.java:180)
	at org.junit.platform.engine.support.hierarchical.ThrowableCollector.execute(ThrowableCollector.java:74)
	at org.junit.platform.engine.support.hierarchical.NodeTestTask.lambda$executeRecursively$1(NodeTestTask.java:166)
	at org.junit.platform.engine.support.hierarchical.Node.around(Node.java:138)
	at org.junit.platform.engine.support.hierarchical.NodeTestTask.lambda$executeRecursively$0(NodeTestTask.java:164)
	at org.junit.platform.engine.support.hierarchical.ThrowableCollector.execute(ThrowableCollector.java:74)
	at org.junit.platform.engine.support.hierarchical.NodeTestTask.executeRecursively(NodeTestTask.java:163)
	at org.junit.platform.engine.support.hierarchical.NodeTestTask.execute(NodeTestTask.java:116)
	at org.junit.platform.engine.support.hierarchical.SameThreadHierarchicalTestExecutorService.submit(SameThreadHierarchicalTestExecutorService.java:36)
	at org.junit.platform.engine.support.hierarchical.HierarchicalTestExecutor.execute(HierarchicalTestExecutor.java:52)
	at org.junit.platform.engine.support.hierarchical.HierarchicalTestEngine.execute(HierarchicalTestEngine.java:58)
	at org.junit.platform.launcher.core.EngineExecutionOrchestrator.executeEngine(EngineExecutionOrchestrator.java:246)
	at org.junit.platform.launcher.core.EngineExecutionOrchestrator.failOrExecuteEngine(EngineExecutionOrchestrator.java:218)
	at org.junit.platform.launcher.core.EngineExecutionOrchestrator.execute(EngineExecutionOrchestrator.java:179)
	at org.junit.platform.launcher.core.EngineExecutionOrchestrator.execute(EngineExecutionOrchestrator.java:108)
	at org.junit.platform.launcher.core.EngineExecutionOrchestrator.lambda$execute$0(EngineExecutionOrchestrator.java:66)
	at org.junit.platform.launcher.core.EngineExecutionOrchestrator.withInterceptedStreams(EngineExecutionOrchestrator.java:157)
	at org.junit.platform.launcher.core.EngineExecutionOrchestrator.execute(EngineExecutionOrchestrator.java:65)
	at org.junit.platform.launcher.core.DefaultLauncher.execute(DefaultLauncher.java:125)
	at org.junit.platform.launcher.core.DefaultLauncher.execute(DefaultLauncher.java:114)
	at org.junit.platform.launcher.core.DefaultLauncher.execute(DefaultLauncher.java:93)
	at org.junit.platform.launcher.core.DelegatingLauncher.execute(DelegatingLauncher.java:48)
	at org.junit.platform.launcher.core.InterceptingLauncher.lambda$execute$0(InterceptingLauncher.java:41)
	at org.junit.platform.launcher.core.ClasspathAlignmentCheckingLauncherInterceptor.intercept(ClasspathAlignmentCheckingLauncherInterceptor.java:25)
	at org.junit.platform.launcher.core.InterceptingLauncher.execute(InterceptingLauncher.java:40)
	at org.junit.platform.launcher.core.DelegatingLauncher.execute(DelegatingLauncher.java:48)
	at org.junit.platform.launcher.core.SessionPerRequestLauncher.execute(SessionPerRequestLauncher.java:67)
	at com.intellij.junit6.JUnit6IdeaTestRunner.startRunnerWithArgs(JUnit6IdeaTestRunner.java:67)
	at com.intellij.rt.junit.IdeaTestRunner$Repeater$1.execute(IdeaTestRunner.java:38)
	at com.intellij.rt.execution.junit.TestsRepeater.repeat(TestsRepeater.java:11)
	at com.intellij.rt.junit.IdeaTestRunner$Repeater.startRunnerWithArgs(IdeaTestRunner.java:35)
	at com.intellij.rt.junit.JUnitStarter.prepareStreamsAndStart(JUnitStarter.java:237)
	at com.intellij.rt.junit.JUnitStarter.main(JUnitStarter.java:58)
2025-12-14 22:31:23 TRACE c.l.k.p.p.c.impl.EmployeeClientImpl - Trying to retrieve all employees in getAllEmployees
2025-12-14 22:31:23 INFO  c.l.k.p.p.c.impl.EmployeeClientImpl - Attempting to call the restClient Method in getAllEmployees
2025-12-14 22:31:23 DEBUG c.l.k.p.p.c.impl.EmployeeClientImpl - Successfully retrived the employees n getAllEmployees
2025-12-14 22:31:23 TRACE c.l.k.p.p.c.impl.EmployeeClientImpl - Retrived employees list in getAllEmployess: [employeedto(id=1, name=Anuj, email=karan888@gmail.com, age=20, role=USER, salary=5000.0, dateofjoining=2025-05-01, active=true), employeedto(id=2, name=Anuj, email=karan888@gmail.com, age=20, role=USER, salary=5000.0, dateofjoining=2025-05-01, active=true), employeedto(id=3, name=Anuj, email=karan888@gmail.com, age=20, role=USER, salary=5000.0, dateofjoining=2025-05-01, active=true), employeedto(id=4, name=Anuj, email=karan888@gmail.com, age=20, role=USER, salary=5000.0, dateofjoining=2025-05-01, active=true), employeedto(id=5, name=Anuj, email=karan888@gmail.com, age=20, role=USER, salary=5000.0, dateofjoining=2025-05-01, active=true), employeedto(id=6, name=Anuj, email=karan888@gmail.com, age=20, role=USER, salary=5000.0, dateofjoining=2025-05-01, active=true), employeedto(id=7, name=Anuj, email=karan888@gmail.com, age=20, role=USER, salary=5000.0, dateofjoining=2025-05-01, active=true), employeedto(id=8, name=Anuj, email=karan888@gmail.com, age=20, role=USER, salary=5000.0, dateofjoining=2025-05-01, active=true), employeedto(id=9, name=Anuj, email=karan888@gmail.com, age=20, role=USER, salary=5000.0, dateofjoining=2025-05-01, active=true), employeedto(id=10, name=Anuj, email=karan888@gmail.com, age=20, role=USER, salary=5000.0, dateofjoining=2025-05-01, active=true), employeedto(id=11, name=Anuj, email=karan888@gmail.com, age=20, role=USER, salary=5000.0, dateofjoining=2025-05-01, active=true), employeedto(id=12, name=Anuj, email=karan888@gmail.com, age=20, role=USER, salary=5000.0, dateofjoining=2025-05-01, active=true), employeedto(id=13, name=Anuj, email=karan888@gmail.com, age=20, role=USER, salary=5000.0, dateofjoining=2025-05-01, active=true), employeedto(id=14, name=Anuj, email=karan888@gmail.com, age=20, role=USER, salary=5000.0, dateofjoining=2025-05-01, active=true), employeedto(id=15, name=Anuj, email=karan888@gmail.com, age=20, role=USER, salary=5000.0, dateofjoining=2025-05-01, active=true), employeedto(id=16, name=Anuj, email=karan888@gmail.com, age=20, role=USER, salary=5000.0, dateofjoining=2025-05-01, active=true), employeedto(id=17, name=Anuj, email=karan888@gmail.com, age=20, role=USER, salary=5000.0, dateofjoining=2025-05-01, active=true), employeedto(id=18, name=Anuj, email=karan888@gmail.com, age=20, role=USER, salary=5000.0, dateofjoining=2025-05-01, active=true), employeedto(id=19, name=Anuj, email=karan888@gmail.com, age=20, role=USER, salary=5000.0, dateofjoining=2025-05-01, active=true), employeedto(id=20, name=Anuj, email=karan888@gmail.com, age=20, role=USER, salary=5000.0, dateofjoining=2025-05-01, active=true), employeedto(id=21, name=Anuj, email=karan888@gmail.com, age=20, role=USER, salary=5000.0, dateofjoining=2025-05-01, active=true), employeedto(id=22, name=Anuj, email=karan888@gmail.com, age=20, role=USER, salary=5000.0, dateofjoining=2025-05-01, active=true), employeedto(id=23, name=Anuj, email=karan888@gmail.com, age=20, role=USER, salary=5000.0, dateofjoining=2025-05-01, active=true), employeedto(id=24, name=Anuj, email=karan888@gmail.com, age=20, role=USER, salary=5000.0, dateofjoining=2025-05-01, active=true), employeedto(id=25, name=Anuj, email=karan888@gmail.com, age=20, role=USER, salary=5000.0, dateofjoining=2025-05-01, active=true), employeedto(id=26, name=Anuj, email=karan888@gmail.com, age=20, role=USER, salary=5000.0, dateofjoining=2025-05-01, active=true), employeedto(id=27, name=Anuj, email=karan888@gmail.com, age=20, role=USER, salary=5000.0, dateofjoining=2025-05-01, active=true), employeedto(id=28, name=Anuj, email=karan888@gmail.com, age=20, role=USER, salary=5000.0, dateofjoining=2025-05-01, active=true), employeedto(id=29, name=Anuj, email=karan888@gmail.com, age=20, role=USER, salary=5000.0, dateofjoining=2025-05-01, active=true), employeedto(id=30, name=Anuj, email=karan888@gmail.com, age=20, role=USER, salary=5000.0, dateofjoining=2025-05-01, active=true), employeedto(id=31, name=Anuj, email=karan888@gmail.com, age=20, role=USER, salary=5000.0, dateofjoining=2025-05-01, active=true), employeedto(id=32, name=Anuj, email=karan888@gmail.com, age=20, role=USER, salary=5000.0, dateofjoining=2025-05-01, active=true), employeedto(id=33, name=Anuj, email=karan888@gmail.com, age=20, role=USER, salary=5000.0, dateofjoining=2025-05-01, active=true), employeedto(id=34, name=Anuj, email=karan888@gmail.com, age=20, role=USER, salary=5000.0, dateofjoining=2025-05-01, active=true), employeedto(id=35, name=Anuj, email=karan888@gmail.com, age=20, role=USER, salary=5000.0, dateofjoining=2025-05-01, active=true), employeedto(id=36, name=Anuj, email=karan888@gmail.com, age=20, role=USER, salary=5000.0, dateofjoining=2025-05-01, active=true), employeedto(id=37, name=Anuj, email=karan888@gmail.com, age=20, role=USER, salary=5000.0, dateofjoining=2025-05-01, active=true)],hello
2025-12-14 22:31:23 INFO  o.s.o.j.LocalContainerEntityManagerFactoryBean - Closing JPA EntityManagerFactory for persistence unit 'default'
2025-12-14 22:31:23 INFO  com.zaxxer.hikari.HikariDataSource - HikariPool-1 - Shutdown initiated...
2025-12-14 22:31:23 INFO  com.zaxxer.hikari.HikariDataSource - HikariPool-1 - Shutdown completed.
